

Started GET "/" for 127.0.0.1 at 2015-02-27 16:34:39 +0900
Processing by Rails::WelcomeController#index as HTML
  Rendered vendor/bundle/ruby/2.1.0/gems/railties-4.2.0/lib/rails/templates/rails/welcome/index.html.erb (3.4ms)
Completed 200 OK in 24ms (Views: 23.0ms)


Started GET "/api/values" for 127.0.0.1 at 2015-02-27 16:34:53 +0900

ActionController::RoutingError (No route matches [GET] "/api/values"):
  vendor/bundle/ruby/2.1.0/gems/web-console-2.0.0/lib/action_dispatch/debug_exceptions.rb:22:in `middleware_call'
  vendor/bundle/ruby/2.1.0/gems/web-console-2.0.0/lib/action_dispatch/debug_exceptions.rb:13:in `call'
  vendor/bundle/ruby/2.1.0/gems/actionpack-4.2.0/lib/action_dispatch/middleware/show_exceptions.rb:30:in `call'
  vendor/bundle/ruby/2.1.0/gems/railties-4.2.0/lib/rails/rack/logger.rb:38:in `call_app'
  vendor/bundle/ruby/2.1.0/gems/railties-4.2.0/lib/rails/rack/logger.rb:20:in `block in call'
  vendor/bundle/ruby/2.1.0/gems/activesupport-4.2.0/lib/active_support/tagged_logging.rb:68:in `block in tagged'
  vendor/bundle/ruby/2.1.0/gems/activesupport-4.2.0/lib/active_support/tagged_logging.rb:26:in `tagged'
  vendor/bundle/ruby/2.1.0/gems/activesupport-4.2.0/lib/active_support/tagged_logging.rb:68:in `tagged'
  vendor/bundle/ruby/2.1.0/gems/railties-4.2.0/lib/rails/rack/logger.rb:20:in `call'
  vendor/bundle/ruby/2.1.0/gems/actionpack-4.2.0/lib/action_dispatch/middleware/request_id.rb:21:in `call'
  vendor/bundle/ruby/2.1.0/gems/rack-1.6.0/lib/rack/methodoverride.rb:22:in `call'
  vendor/bundle/ruby/2.1.0/gems/rack-1.6.0/lib/rack/runtime.rb:18:in `call'
  vendor/bundle/ruby/2.1.0/gems/activesupport-4.2.0/lib/active_support/cache/strategy/local_cache_middleware.rb:28:in `call'
  vendor/bundle/ruby/2.1.0/gems/rack-1.6.0/lib/rack/lock.rb:17:in `call'
  vendor/bundle/ruby/2.1.0/gems/actionpack-4.2.0/lib/action_dispatch/middleware/static.rb:113:in `call'
  vendor/bundle/ruby/2.1.0/gems/rack-1.6.0/lib/rack/sendfile.rb:113:in `call'
  vendor/bundle/ruby/2.1.0/gems/railties-4.2.0/lib/rails/engine.rb:518:in `call'
  vendor/bundle/ruby/2.1.0/gems/railties-4.2.0/lib/rails/application.rb:164:in `call'
  vendor/bundle/ruby/2.1.0/gems/rack-1.6.0/lib/rack/lock.rb:17:in `call'
  vendor/bundle/ruby/2.1.0/gems/rack-1.6.0/lib/rack/content_length.rb:15:in `call'
  vendor/bundle/ruby/2.1.0/gems/rack-1.6.0/lib/rack/handler/webrick.rb:89:in `service'
  /Users/yuichi/.rbenv/versions/2.1.4/lib/ruby/2.1.0/webrick/httpserver.rb:138:in `service'
  /Users/yuichi/.rbenv/versions/2.1.4/lib/ruby/2.1.0/webrick/httpserver.rb:94:in `run'
  /Users/yuichi/.rbenv/versions/2.1.4/lib/ruby/2.1.0/webrick/server.rb:295:in `block in start_thread'


  Rendered vendor/bundle/ruby/2.1.0/gems/web-console-2.0.0/lib/action_dispatch/templates/rescues/_trace.html.erb (6.0ms)
  Rendered vendor/bundle/ruby/2.1.0/gems/web-console-2.0.0/lib/action_dispatch/templates/routes/_route.html.erb (2.7ms)
  Rendered vendor/bundle/ruby/2.1.0/gems/web-console-2.0.0/lib/action_dispatch/templates/routes/_table.html.erb (14.5ms)
  Rendered vendor/bundle/ruby/2.1.0/gems/web-console-2.0.0/lib/action_dispatch/templates/rescues/_request_and_response.html.erb (18.7ms)
  Rendered vendor/bundle/ruby/2.1.0/gems/web-console-2.0.0/lib/action_dispatch/templates/rescues/_web_console.html.erb (1.5ms)
  Rendered vendor/bundle/ruby/2.1.0/gems/web-console-2.0.0/lib/action_dispatch/templates/rescues/routing_error.html.erb within rescues/layout (104.0ms)


Started GET "/api/values/index" for 127.0.0.1 at 2015-02-27 16:34:57 +0900
Processing by Api::ValuesController#index as HTML
Completed 500 Internal Server Error in 38ms

ActionView::MissingTemplate (Missing template api/values/index, application/index with {:locale=>[:en], :formats=>[:html], :variants=>[], :handlers=>[:erb, :builder, :raw, :ruby, :jbuilder]}. Searched in:
  * "/Users/yuichi/Documents/working/study_frontend/rails_gulp/rails_gulp/vendor/bundle/ruby/2.1.0/gems/web-console-2.0.0/lib/action_dispatch/templates"
  * "/Users/yuichi/Documents/working/study_frontend/rails_gulp/rails_gulp/app/views"
):
  vendor/bundle/ruby/2.1.0/gems/actionview-4.2.0/lib/action_view/path_set.rb:46:in `find'
  vendor/bundle/ruby/2.1.0/gems/actionview-4.2.0/lib/action_view/lookup_context.rb:121:in `find'
  vendor/bundle/ruby/2.1.0/gems/actionview-4.2.0/lib/action_view/renderer/abstract_renderer.rb:18:in `find_template'
  vendor/bundle/ruby/2.1.0/gems/actionview-4.2.0/lib/action_view/renderer/template_renderer.rb:40:in `determine_template'
  vendor/bundle/ruby/2.1.0/gems/actionview-4.2.0/lib/action_view/renderer/template_renderer.rb:8:in `render'
  vendor/bundle/ruby/2.1.0/gems/actionview-4.2.0/lib/action_view/renderer/renderer.rb:42:in `render_template'
  vendor/bundle/ruby/2.1.0/gems/actionview-4.2.0/lib/action_view/renderer/renderer.rb:23:in `render'
  vendor/bundle/ruby/2.1.0/gems/actionview-4.2.0/lib/action_view/rendering.rb:100:in `_render_template'
  vendor/bundle/ruby/2.1.0/gems/actionpack-4.2.0/lib/action_controller/metal/streaming.rb:217:in `_render_template'
  vendor/bundle/ruby/2.1.0/gems/actionview-4.2.0/lib/action_view/rendering.rb:83:in `render_to_body'
  vendor/bundle/ruby/2.1.0/gems/actionpack-4.2.0/lib/action_controller/metal/rendering.rb:32:in `render_to_body'
  vendor/bundle/ruby/2.1.0/gems/actionpack-4.2.0/lib/action_controller/metal/renderers.rb:37:in `render_to_body'
  vendor/bundle/ruby/2.1.0/gems/actionpack-4.2.0/lib/abstract_controller/rendering.rb:25:in `render'
  vendor/bundle/ruby/2.1.0/gems/actionpack-4.2.0/lib/action_controller/metal/rendering.rb:16:in `render'
  vendor/bundle/ruby/2.1.0/gems/actionpack-4.2.0/lib/action_controller/metal/instrumentation.rb:41:in `block (2 levels) in render'
  vendor/bundle/ruby/2.1.0/gems/activesupport-4.2.0/lib/active_support/core_ext/benchmark.rb:12:in `block in ms'
  /Users/yuichi/.rbenv/versions/2.1.4/lib/ruby/2.1.0/benchmark.rb:294:in `realtime'
  vendor/bundle/ruby/2.1.0/gems/activesupport-4.2.0/lib/active_support/core_ext/benchmark.rb:12:in `ms'
  vendor/bundle/ruby/2.1.0/gems/actionpack-4.2.0/lib/action_controller/metal/instrumentation.rb:41:in `block in render'
  vendor/bundle/ruby/2.1.0/gems/actionpack-4.2.0/lib/action_controller/metal/instrumentation.rb:84:in `cleanup_view_runtime'
  vendor/bundle/ruby/2.1.0/gems/actionpack-4.2.0/lib/action_controller/metal/instrumentation.rb:40:in `render'
  vendor/bundle/ruby/2.1.0/gems/actionpack-4.2.0/lib/action_controller/metal/implicit_render.rb:10:in `default_render'
  vendor/bundle/ruby/2.1.0/gems/actionpack-4.2.0/lib/action_controller/metal/implicit_render.rb:5:in `send_action'
  vendor/bundle/ruby/2.1.0/gems/actionpack-4.2.0/lib/abstract_controller/base.rb:198:in `process_action'
  vendor/bundle/ruby/2.1.0/gems/actionpack-4.2.0/lib/action_controller/metal/rendering.rb:10:in `process_action'
  vendor/bundle/ruby/2.1.0/gems/actionpack-4.2.0/lib/abstract_controller/callbacks.rb:20:in `block in process_action'
  vendor/bundle/ruby/2.1.0/gems/activesupport-4.2.0/lib/active_support/callbacks.rb:117:in `call'
  vendor/bundle/ruby/2.1.0/gems/activesupport-4.2.0/lib/active_support/callbacks.rb:117:in `call'
  vendor/bundle/ruby/2.1.0/gems/activesupport-4.2.0/lib/active_support/callbacks.rb:234:in `block in halting'
  vendor/bundle/ruby/2.1.0/gems/activesupport-4.2.0/lib/active_support/callbacks.rb:234:in `call'
  vendor/bundle/ruby/2.1.0/gems/activesupport-4.2.0/lib/active_support/callbacks.rb:234:in `block in halting'
  vendor/bundle/ruby/2.1.0/gems/activesupport-4.2.0/lib/active_support/callbacks.rb:169:in `call'
  vendor/bundle/ruby/2.1.0/gems/activesupport-4.2.0/lib/active_support/callbacks.rb:169:in `block in halting'
  vendor/bundle/ruby/2.1.0/gems/activesupport-4.2.0/lib/active_support/callbacks.rb:92:in `call'
  vendor/bundle/ruby/2.1.0/gems/activesupport-4.2.0/lib/active_support/callbacks.rb:92:in `_run_callbacks'
  vendor/bundle/ruby/2.1.0/gems/activesupport-4.2.0/lib/active_support/callbacks.rb:734:in `_run_process_action_callbacks'
  vendor/bundle/ruby/2.1.0/gems/activesupport-4.2.0/lib/active_support/callbacks.rb:81:in `run_callbacks'
  vendor/bundle/ruby/2.1.0/gems/actionpack-4.2.0/lib/abstract_controller/callbacks.rb:19:in `process_action'
  vendor/bundle/ruby/2.1.0/gems/actionpack-4.2.0/lib/action_controller/metal/rescue.rb:29:in `process_action'
  vendor/bundle/ruby/2.1.0/gems/actionpack-4.2.0/lib/action_controller/metal/instrumentation.rb:31:in `block in process_action'
  vendor/bundle/ruby/2.1.0/gems/activesupport-4.2.0/lib/active_support/notifications.rb:164:in `block in instrument'
  vendor/bundle/ruby/2.1.0/gems/activesupport-4.2.0/lib/active_support/notifications/instrumenter.rb:20:in `instrument'
  vendor/bundle/ruby/2.1.0/gems/activesupport-4.2.0/lib/active_support/notifications.rb:164:in `instrument'
  vendor/bundle/ruby/2.1.0/gems/actionpack-4.2.0/lib/action_controller/metal/instrumentation.rb:30:in `process_action'
  vendor/bundle/ruby/2.1.0/gems/actionpack-4.2.0/lib/action_controller/metal/params_wrapper.rb:250:in `process_action'
  vendor/bundle/ruby/2.1.0/gems/actionpack-4.2.0/lib/abstract_controller/base.rb:137:in `process'
  vendor/bundle/ruby/2.1.0/gems/actionview-4.2.0/lib/action_view/rendering.rb:30:in `process'
  vendor/bundle/ruby/2.1.0/gems/actionpack-4.2.0/lib/action_controller/metal.rb:195:in `dispatch'
  vendor/bundle/ruby/2.1.0/gems/actionpack-4.2.0/lib/action_controller/metal/rack_delegation.rb:13:in `dispatch'
  vendor/bundle/ruby/2.1.0/gems/actionpack-4.2.0/lib/action_controller/metal.rb:236:in `block in action'
  vendor/bundle/ruby/2.1.0/gems/actionpack-4.2.0/lib/action_dispatch/routing/route_set.rb:73:in `call'
  vendor/bundle/ruby/2.1.0/gems/actionpack-4.2.0/lib/action_dispatch/routing/route_set.rb:73:in `dispatch'
  vendor/bundle/ruby/2.1.0/gems/actionpack-4.2.0/lib/action_dispatch/routing/route_set.rb:42:in `serve'
  vendor/bundle/ruby/2.1.0/gems/actionpack-4.2.0/lib/action_dispatch/journey/router.rb:43:in `block in serve'
  vendor/bundle/ruby/2.1.0/gems/actionpack-4.2.0/lib/action_dispatch/journey/router.rb:30:in `each'
  vendor/bundle/ruby/2.1.0/gems/actionpack-4.2.0/lib/action_dispatch/journey/router.rb:30:in `serve'
  vendor/bundle/ruby/2.1.0/gems/actionpack-4.2.0/lib/action_dispatch/routing/route_set.rb:802:in `call'
  vendor/bundle/ruby/2.1.0/gems/rack-1.6.0/lib/rack/etag.rb:24:in `call'
  vendor/bundle/ruby/2.1.0/gems/rack-1.6.0/lib/rack/conditionalget.rb:25:in `call'
  vendor/bundle/ruby/2.1.0/gems/rack-1.6.0/lib/rack/head.rb:13:in `call'
  vendor/bundle/ruby/2.1.0/gems/actionpack-4.2.0/lib/action_dispatch/middleware/params_parser.rb:27:in `call'
  vendor/bundle/ruby/2.1.0/gems/actionpack-4.2.0/lib/action_dispatch/middleware/flash.rb:260:in `call'
  vendor/bundle/ruby/2.1.0/gems/rack-1.6.0/lib/rack/session/abstract/id.rb:225:in `context'
  vendor/bundle/ruby/2.1.0/gems/rack-1.6.0/lib/rack/session/abstract/id.rb:220:in `call'
  vendor/bundle/ruby/2.1.0/gems/actionpack-4.2.0/lib/action_dispatch/middleware/cookies.rb:560:in `call'
  vendor/bundle/ruby/2.1.0/gems/actionpack-4.2.0/lib/action_dispatch/middleware/callbacks.rb:29:in `block in call'
  vendor/bundle/ruby/2.1.0/gems/activesupport-4.2.0/lib/active_support/callbacks.rb:88:in `call'
  vendor/bundle/ruby/2.1.0/gems/activesupport-4.2.0/lib/active_support/callbacks.rb:88:in `_run_callbacks'
  vendor/bundle/ruby/2.1.0/gems/activesupport-4.2.0/lib/active_support/callbacks.rb:734:in `_run_call_callbacks'
  vendor/bundle/ruby/2.1.0/gems/activesupport-4.2.0/lib/active_support/callbacks.rb:81:in `run_callbacks'
  vendor/bundle/ruby/2.1.0/gems/actionpack-4.2.0/lib/action_dispatch/middleware/callbacks.rb:27:in `call'
  vendor/bundle/ruby/2.1.0/gems/actionpack-4.2.0/lib/action_dispatch/middleware/reloader.rb:73:in `call'
  vendor/bundle/ruby/2.1.0/gems/actionpack-4.2.0/lib/action_dispatch/middleware/remote_ip.rb:78:in `call'
  vendor/bundle/ruby/2.1.0/gems/web-console-2.0.0/lib/action_dispatch/debug_exceptions.rb:18:in `middleware_call'
  vendor/bundle/ruby/2.1.0/gems/web-console-2.0.0/lib/action_dispatch/debug_exceptions.rb:13:in `call'
  vendor/bundle/ruby/2.1.0/gems/actionpack-4.2.0/lib/action_dispatch/middleware/show_exceptions.rb:30:in `call'
  vendor/bundle/ruby/2.1.0/gems/railties-4.2.0/lib/rails/rack/logger.rb:38:in `call_app'
  vendor/bundle/ruby/2.1.0/gems/railties-4.2.0/lib/rails/rack/logger.rb:20:in `block in call'
  vendor/bundle/ruby/2.1.0/gems/activesupport-4.2.0/lib/active_support/tagged_logging.rb:68:in `block in tagged'
  vendor/bundle/ruby/2.1.0/gems/activesupport-4.2.0/lib/active_support/tagged_logging.rb:26:in `tagged'
  vendor/bundle/ruby/2.1.0/gems/activesupport-4.2.0/lib/active_support/tagged_logging.rb:68:in `tagged'
  vendor/bundle/ruby/2.1.0/gems/railties-4.2.0/lib/rails/rack/logger.rb:20:in `call'
  vendor/bundle/ruby/2.1.0/gems/actionpack-4.2.0/lib/action_dispatch/middleware/request_id.rb:21:in `call'
  vendor/bundle/ruby/2.1.0/gems/rack-1.6.0/lib/rack/methodoverride.rb:22:in `call'
  vendor/bundle/ruby/2.1.0/gems/rack-1.6.0/lib/rack/runtime.rb:18:in `call'
  vendor/bundle/ruby/2.1.0/gems/activesupport-4.2.0/lib/active_support/cache/strategy/local_cache_middleware.rb:28:in `call'
  vendor/bundle/ruby/2.1.0/gems/rack-1.6.0/lib/rack/lock.rb:17:in `call'
  vendor/bundle/ruby/2.1.0/gems/actionpack-4.2.0/lib/action_dispatch/middleware/static.rb:113:in `call'
  vendor/bundle/ruby/2.1.0/gems/rack-1.6.0/lib/rack/sendfile.rb:113:in `call'
  vendor/bundle/ruby/2.1.0/gems/railties-4.2.0/lib/rails/engine.rb:518:in `call'
  vendor/bundle/ruby/2.1.0/gems/railties-4.2.0/lib/rails/application.rb:164:in `call'
  vendor/bundle/ruby/2.1.0/gems/rack-1.6.0/lib/rack/lock.rb:17:in `call'
  vendor/bundle/ruby/2.1.0/gems/rack-1.6.0/lib/rack/content_length.rb:15:in `call'
  vendor/bundle/ruby/2.1.0/gems/rack-1.6.0/lib/rack/handler/webrick.rb:89:in `service'
  /Users/yuichi/.rbenv/versions/2.1.4/lib/ruby/2.1.0/webrick/httpserver.rb:138:in `service'
  /Users/yuichi/.rbenv/versions/2.1.4/lib/ruby/2.1.0/webrick/httpserver.rb:94:in `run'
  /Users/yuichi/.rbenv/versions/2.1.4/lib/ruby/2.1.0/webrick/server.rb:295:in `block in start_thread'


  Rendered vendor/bundle/ruby/2.1.0/gems/web-console-2.0.0/lib/action_dispatch/templates/rescues/_source.erb (15.1ms)
  Rendered vendor/bundle/ruby/2.1.0/gems/web-console-2.0.0/lib/action_dispatch/templates/rescues/_trace.html.erb (4.1ms)
  Rendered vendor/bundle/ruby/2.1.0/gems/web-console-2.0.0/lib/action_dispatch/templates/rescues/_request_and_response.html.erb (2.9ms)
  Rendered vendor/bundle/ruby/2.1.0/gems/web-console-2.0.0/lib/action_dispatch/templates/rescues/_web_console.html.erb (2.5ms)
  Rendered vendor/bundle/ruby/2.1.0/gems/web-console-2.0.0/lib/action_dispatch/templates/rescues/missing_template.html.erb within rescues/layout (60.2ms)


Started GET "/api/value" for 127.0.0.1 at 2015-02-27 16:35:01 +0900

ActionController::RoutingError (No route matches [GET] "/api/value"):
  vendor/bundle/ruby/2.1.0/gems/web-console-2.0.0/lib/action_dispatch/debug_exceptions.rb:22:in `middleware_call'
  vendor/bundle/ruby/2.1.0/gems/web-console-2.0.0/lib/action_dispatch/debug_exceptions.rb:13:in `call'
  vendor/bundle/ruby/2.1.0/gems/actionpack-4.2.0/lib/action_dispatch/middleware/show_exceptions.rb:30:in `call'
  vendor/bundle/ruby/2.1.0/gems/railties-4.2.0/lib/rails/rack/logger.rb:38:in `call_app'
  vendor/bundle/ruby/2.1.0/gems/railties-4.2.0/lib/rails/rack/logger.rb:20:in `block in call'
  vendor/bundle/ruby/2.1.0/gems/activesupport-4.2.0/lib/active_support/tagged_logging.rb:68:in `block in tagged'
  vendor/bundle/ruby/2.1.0/gems/activesupport-4.2.0/lib/active_support/tagged_logging.rb:26:in `tagged'
  vendor/bundle/ruby/2.1.0/gems/activesupport-4.2.0/lib/active_support/tagged_logging.rb:68:in `tagged'
  vendor/bundle/ruby/2.1.0/gems/railties-4.2.0/lib/rails/rack/logger.rb:20:in `call'
  vendor/bundle/ruby/2.1.0/gems/actionpack-4.2.0/lib/action_dispatch/middleware/request_id.rb:21:in `call'
  vendor/bundle/ruby/2.1.0/gems/rack-1.6.0/lib/rack/methodoverride.rb:22:in `call'
  vendor/bundle/ruby/2.1.0/gems/rack-1.6.0/lib/rack/runtime.rb:18:in `call'
  vendor/bundle/ruby/2.1.0/gems/activesupport-4.2.0/lib/active_support/cache/strategy/local_cache_middleware.rb:28:in `call'
  vendor/bundle/ruby/2.1.0/gems/rack-1.6.0/lib/rack/lock.rb:17:in `call'
  vendor/bundle/ruby/2.1.0/gems/actionpack-4.2.0/lib/action_dispatch/middleware/static.rb:113:in `call'
  vendor/bundle/ruby/2.1.0/gems/rack-1.6.0/lib/rack/sendfile.rb:113:in `call'
  vendor/bundle/ruby/2.1.0/gems/railties-4.2.0/lib/rails/engine.rb:518:in `call'
  vendor/bundle/ruby/2.1.0/gems/railties-4.2.0/lib/rails/application.rb:164:in `call'
  vendor/bundle/ruby/2.1.0/gems/rack-1.6.0/lib/rack/lock.rb:17:in `call'
  vendor/bundle/ruby/2.1.0/gems/rack-1.6.0/lib/rack/content_length.rb:15:in `call'
  vendor/bundle/ruby/2.1.0/gems/rack-1.6.0/lib/rack/handler/webrick.rb:89:in `service'
  /Users/yuichi/.rbenv/versions/2.1.4/lib/ruby/2.1.0/webrick/httpserver.rb:138:in `service'
  /Users/yuichi/.rbenv/versions/2.1.4/lib/ruby/2.1.0/webrick/httpserver.rb:94:in `run'
  /Users/yuichi/.rbenv/versions/2.1.4/lib/ruby/2.1.0/webrick/server.rb:295:in `block in start_thread'


  Rendered vendor/bundle/ruby/2.1.0/gems/web-console-2.0.0/lib/action_dispatch/templates/rescues/_trace.html.erb (5.0ms)
  Rendered vendor/bundle/ruby/2.1.0/gems/web-console-2.0.0/lib/action_dispatch/templates/routes/_route.html.erb (1.1ms)
  Rendered vendor/bundle/ruby/2.1.0/gems/web-console-2.0.0/lib/action_dispatch/templates/routes/_table.html.erb (3.3ms)
  Rendered vendor/bundle/ruby/2.1.0/gems/web-console-2.0.0/lib/action_dispatch/templates/rescues/_request_and_response.html.erb (3.0ms)
  Rendered vendor/bundle/ruby/2.1.0/gems/web-console-2.0.0/lib/action_dispatch/templates/rescues/_web_console.html.erb (1.5ms)
  Rendered vendor/bundle/ruby/2.1.0/gems/web-console-2.0.0/lib/action_dispatch/templates/rescues/routing_error.html.erb within rescues/layout (50.5ms)


Started GET "/api/values/index" for 127.0.0.1 at 2015-02-27 16:35:23 +0900
Processing by Api::ValuesController#index as HTML
Completed 500 Internal Server Error in 7ms

ActionView::MissingTemplate (Missing template api/values/index, application/index with {:locale=>[:en], :formats=>[:html], :variants=>[], :handlers=>[:erb, :builder, :raw, :ruby, :jbuilder]}. Searched in:
  * "/Users/yuichi/Documents/working/study_frontend/rails_gulp/rails_gulp/vendor/bundle/ruby/2.1.0/gems/web-console-2.0.0/lib/action_dispatch/templates"
  * "/Users/yuichi/Documents/working/study_frontend/rails_gulp/rails_gulp/app/views"
):
  vendor/bundle/ruby/2.1.0/gems/actionview-4.2.0/lib/action_view/path_set.rb:46:in `find'
  vendor/bundle/ruby/2.1.0/gems/actionview-4.2.0/lib/action_view/lookup_context.rb:121:in `find'
  vendor/bundle/ruby/2.1.0/gems/actionview-4.2.0/lib/action_view/renderer/abstract_renderer.rb:18:in `find_template'
  vendor/bundle/ruby/2.1.0/gems/actionview-4.2.0/lib/action_view/renderer/template_renderer.rb:40:in `determine_template'
  vendor/bundle/ruby/2.1.0/gems/actionview-4.2.0/lib/action_view/renderer/template_renderer.rb:8:in `render'
  vendor/bundle/ruby/2.1.0/gems/actionview-4.2.0/lib/action_view/renderer/renderer.rb:42:in `render_template'
  vendor/bundle/ruby/2.1.0/gems/actionview-4.2.0/lib/action_view/renderer/renderer.rb:23:in `render'
  vendor/bundle/ruby/2.1.0/gems/actionview-4.2.0/lib/action_view/rendering.rb:100:in `_render_template'
  vendor/bundle/ruby/2.1.0/gems/actionpack-4.2.0/lib/action_controller/metal/streaming.rb:217:in `_render_template'
  vendor/bundle/ruby/2.1.0/gems/actionview-4.2.0/lib/action_view/rendering.rb:83:in `render_to_body'
  vendor/bundle/ruby/2.1.0/gems/actionpack-4.2.0/lib/action_controller/metal/rendering.rb:32:in `render_to_body'
  vendor/bundle/ruby/2.1.0/gems/actionpack-4.2.0/lib/action_controller/metal/renderers.rb:37:in `render_to_body'
  vendor/bundle/ruby/2.1.0/gems/actionpack-4.2.0/lib/abstract_controller/rendering.rb:25:in `render'
  vendor/bundle/ruby/2.1.0/gems/actionpack-4.2.0/lib/action_controller/metal/rendering.rb:16:in `render'
  vendor/bundle/ruby/2.1.0/gems/actionpack-4.2.0/lib/action_controller/metal/instrumentation.rb:41:in `block (2 levels) in render'
  vendor/bundle/ruby/2.1.0/gems/activesupport-4.2.0/lib/active_support/core_ext/benchmark.rb:12:in `block in ms'
  /Users/yuichi/.rbenv/versions/2.1.4/lib/ruby/2.1.0/benchmark.rb:294:in `realtime'
  vendor/bundle/ruby/2.1.0/gems/activesupport-4.2.0/lib/active_support/core_ext/benchmark.rb:12:in `ms'
  vendor/bundle/ruby/2.1.0/gems/actionpack-4.2.0/lib/action_controller/metal/instrumentation.rb:41:in `block in render'
  vendor/bundle/ruby/2.1.0/gems/actionpack-4.2.0/lib/action_controller/metal/instrumentation.rb:84:in `cleanup_view_runtime'
  vendor/bundle/ruby/2.1.0/gems/actionpack-4.2.0/lib/action_controller/metal/instrumentation.rb:40:in `render'
  vendor/bundle/ruby/2.1.0/gems/actionpack-4.2.0/lib/action_controller/metal/implicit_render.rb:10:in `default_render'
  vendor/bundle/ruby/2.1.0/gems/actionpack-4.2.0/lib/action_controller/metal/implicit_render.rb:5:in `send_action'
  vendor/bundle/ruby/2.1.0/gems/actionpack-4.2.0/lib/abstract_controller/base.rb:198:in `process_action'
  vendor/bundle/ruby/2.1.0/gems/actionpack-4.2.0/lib/action_controller/metal/rendering.rb:10:in `process_action'
  vendor/bundle/ruby/2.1.0/gems/actionpack-4.2.0/lib/abstract_controller/callbacks.rb:20:in `block in process_action'
  vendor/bundle/ruby/2.1.0/gems/activesupport-4.2.0/lib/active_support/callbacks.rb:117:in `call'
  vendor/bundle/ruby/2.1.0/gems/activesupport-4.2.0/lib/active_support/callbacks.rb:117:in `call'
  vendor/bundle/ruby/2.1.0/gems/activesupport-4.2.0/lib/active_support/callbacks.rb:234:in `block in halting'
  vendor/bundle/ruby/2.1.0/gems/activesupport-4.2.0/lib/active_support/callbacks.rb:234:in `call'
  vendor/bundle/ruby/2.1.0/gems/activesupport-4.2.0/lib/active_support/callbacks.rb:234:in `block in halting'
  vendor/bundle/ruby/2.1.0/gems/activesupport-4.2.0/lib/active_support/callbacks.rb:169:in `call'
  vendor/bundle/ruby/2.1.0/gems/activesupport-4.2.0/lib/active_support/callbacks.rb:169:in `block in halting'
  vendor/bundle/ruby/2.1.0/gems/activesupport-4.2.0/lib/active_support/callbacks.rb:92:in `call'
  vendor/bundle/ruby/2.1.0/gems/activesupport-4.2.0/lib/active_support/callbacks.rb:92:in `_run_callbacks'
  vendor/bundle/ruby/2.1.0/gems/activesupport-4.2.0/lib/active_support/callbacks.rb:734:in `_run_process_action_callbacks'
  vendor/bundle/ruby/2.1.0/gems/activesupport-4.2.0/lib/active_support/callbacks.rb:81:in `run_callbacks'
  vendor/bundle/ruby/2.1.0/gems/actionpack-4.2.0/lib/abstract_controller/callbacks.rb:19:in `process_action'
  vendor/bundle/ruby/2.1.0/gems/actionpack-4.2.0/lib/action_controller/metal/rescue.rb:29:in `process_action'
  vendor/bundle/ruby/2.1.0/gems/actionpack-4.2.0/lib/action_controller/metal/instrumentation.rb:31:in `block in process_action'
  vendor/bundle/ruby/2.1.0/gems/activesupport-4.2.0/lib/active_support/notifications.rb:164:in `block in instrument'
  vendor/bundle/ruby/2.1.0/gems/activesupport-4.2.0/lib/active_support/notifications/instrumenter.rb:20:in `instrument'
  vendor/bundle/ruby/2.1.0/gems/activesupport-4.2.0/lib/active_support/notifications.rb:164:in `instrument'
  vendor/bundle/ruby/2.1.0/gems/actionpack-4.2.0/lib/action_controller/metal/instrumentation.rb:30:in `process_action'
  vendor/bundle/ruby/2.1.0/gems/actionpack-4.2.0/lib/action_controller/metal/params_wrapper.rb:250:in `process_action'
  vendor/bundle/ruby/2.1.0/gems/actionpack-4.2.0/lib/abstract_controller/base.rb:137:in `process'
  vendor/bundle/ruby/2.1.0/gems/actionview-4.2.0/lib/action_view/rendering.rb:30:in `process'
  vendor/bundle/ruby/2.1.0/gems/actionpack-4.2.0/lib/action_controller/metal.rb:195:in `dispatch'
  vendor/bundle/ruby/2.1.0/gems/actionpack-4.2.0/lib/action_controller/metal/rack_delegation.rb:13:in `dispatch'
  vendor/bundle/ruby/2.1.0/gems/actionpack-4.2.0/lib/action_controller/metal.rb:236:in `block in action'
  vendor/bundle/ruby/2.1.0/gems/actionpack-4.2.0/lib/action_dispatch/routing/route_set.rb:73:in `call'
  vendor/bundle/ruby/2.1.0/gems/actionpack-4.2.0/lib/action_dispatch/routing/route_set.rb:73:in `dispatch'
  vendor/bundle/ruby/2.1.0/gems/actionpack-4.2.0/lib/action_dispatch/routing/route_set.rb:42:in `serve'
  vendor/bundle/ruby/2.1.0/gems/actionpack-4.2.0/lib/action_dispatch/journey/router.rb:43:in `block in serve'
  vendor/bundle/ruby/2.1.0/gems/actionpack-4.2.0/lib/action_dispatch/journey/router.rb:30:in `each'
  vendor/bundle/ruby/2.1.0/gems/actionpack-4.2.0/lib/action_dispatch/journey/router.rb:30:in `serve'
  vendor/bundle/ruby/2.1.0/gems/actionpack-4.2.0/lib/action_dispatch/routing/route_set.rb:802:in `call'
  vendor/bundle/ruby/2.1.0/gems/rack-1.6.0/lib/rack/etag.rb:24:in `call'
  vendor/bundle/ruby/2.1.0/gems/rack-1.6.0/lib/rack/conditionalget.rb:25:in `call'
  vendor/bundle/ruby/2.1.0/gems/rack-1.6.0/lib/rack/head.rb:13:in `call'
  vendor/bundle/ruby/2.1.0/gems/actionpack-4.2.0/lib/action_dispatch/middleware/params_parser.rb:27:in `call'
  vendor/bundle/ruby/2.1.0/gems/actionpack-4.2.0/lib/action_dispatch/middleware/flash.rb:260:in `call'
  vendor/bundle/ruby/2.1.0/gems/rack-1.6.0/lib/rack/session/abstract/id.rb:225:in `context'
  vendor/bundle/ruby/2.1.0/gems/rack-1.6.0/lib/rack/session/abstract/id.rb:220:in `call'
  vendor/bundle/ruby/2.1.0/gems/actionpack-4.2.0/lib/action_dispatch/middleware/cookies.rb:560:in `call'
  vendor/bundle/ruby/2.1.0/gems/actionpack-4.2.0/lib/action_dispatch/middleware/callbacks.rb:29:in `block in call'
  vendor/bundle/ruby/2.1.0/gems/activesupport-4.2.0/lib/active_support/callbacks.rb:88:in `call'
  vendor/bundle/ruby/2.1.0/gems/activesupport-4.2.0/lib/active_support/callbacks.rb:88:in `_run_callbacks'
  vendor/bundle/ruby/2.1.0/gems/activesupport-4.2.0/lib/active_support/callbacks.rb:734:in `_run_call_callbacks'
  vendor/bundle/ruby/2.1.0/gems/activesupport-4.2.0/lib/active_support/callbacks.rb:81:in `run_callbacks'
  vendor/bundle/ruby/2.1.0/gems/actionpack-4.2.0/lib/action_dispatch/middleware/callbacks.rb:27:in `call'
  vendor/bundle/ruby/2.1.0/gems/actionpack-4.2.0/lib/action_dispatch/middleware/reloader.rb:73:in `call'
  vendor/bundle/ruby/2.1.0/gems/actionpack-4.2.0/lib/action_dispatch/middleware/remote_ip.rb:78:in `call'
  vendor/bundle/ruby/2.1.0/gems/web-console-2.0.0/lib/action_dispatch/debug_exceptions.rb:18:in `middleware_call'
  vendor/bundle/ruby/2.1.0/gems/web-console-2.0.0/lib/action_dispatch/debug_exceptions.rb:13:in `call'
  vendor/bundle/ruby/2.1.0/gems/actionpack-4.2.0/lib/action_dispatch/middleware/show_exceptions.rb:30:in `call'
  vendor/bundle/ruby/2.1.0/gems/railties-4.2.0/lib/rails/rack/logger.rb:38:in `call_app'
  vendor/bundle/ruby/2.1.0/gems/railties-4.2.0/lib/rails/rack/logger.rb:20:in `block in call'
  vendor/bundle/ruby/2.1.0/gems/activesupport-4.2.0/lib/active_support/tagged_logging.rb:68:in `block in tagged'
  vendor/bundle/ruby/2.1.0/gems/activesupport-4.2.0/lib/active_support/tagged_logging.rb:26:in `tagged'
  vendor/bundle/ruby/2.1.0/gems/activesupport-4.2.0/lib/active_support/tagged_logging.rb:68:in `tagged'
  vendor/bundle/ruby/2.1.0/gems/railties-4.2.0/lib/rails/rack/logger.rb:20:in `call'
  vendor/bundle/ruby/2.1.0/gems/actionpack-4.2.0/lib/action_dispatch/middleware/request_id.rb:21:in `call'
  vendor/bundle/ruby/2.1.0/gems/rack-1.6.0/lib/rack/methodoverride.rb:22:in `call'
  vendor/bundle/ruby/2.1.0/gems/rack-1.6.0/lib/rack/runtime.rb:18:in `call'
  vendor/bundle/ruby/2.1.0/gems/activesupport-4.2.0/lib/active_support/cache/strategy/local_cache_middleware.rb:28:in `call'
  vendor/bundle/ruby/2.1.0/gems/rack-1.6.0/lib/rack/lock.rb:17:in `call'
  vendor/bundle/ruby/2.1.0/gems/actionpack-4.2.0/lib/action_dispatch/middleware/static.rb:113:in `call'
  vendor/bundle/ruby/2.1.0/gems/rack-1.6.0/lib/rack/sendfile.rb:113:in `call'
  vendor/bundle/ruby/2.1.0/gems/railties-4.2.0/lib/rails/engine.rb:518:in `call'
  vendor/bundle/ruby/2.1.0/gems/railties-4.2.0/lib/rails/application.rb:164:in `call'
  vendor/bundle/ruby/2.1.0/gems/rack-1.6.0/lib/rack/lock.rb:17:in `call'
  vendor/bundle/ruby/2.1.0/gems/rack-1.6.0/lib/rack/content_length.rb:15:in `call'
  vendor/bundle/ruby/2.1.0/gems/rack-1.6.0/lib/rack/handler/webrick.rb:89:in `service'
  /Users/yuichi/.rbenv/versions/2.1.4/lib/ruby/2.1.0/webrick/httpserver.rb:138:in `service'
  /Users/yuichi/.rbenv/versions/2.1.4/lib/ruby/2.1.0/webrick/httpserver.rb:94:in `run'
  /Users/yuichi/.rbenv/versions/2.1.4/lib/ruby/2.1.0/webrick/server.rb:295:in `block in start_thread'


  Rendered vendor/bundle/ruby/2.1.0/gems/web-console-2.0.0/lib/action_dispatch/templates/rescues/_source.erb (11.3ms)
  Rendered vendor/bundle/ruby/2.1.0/gems/web-console-2.0.0/lib/action_dispatch/templates/rescues/_trace.html.erb (4.2ms)
  Rendered vendor/bundle/ruby/2.1.0/gems/web-console-2.0.0/lib/action_dispatch/templates/rescues/_request_and_response.html.erb (2.3ms)
  Rendered vendor/bundle/ruby/2.1.0/gems/web-console-2.0.0/lib/action_dispatch/templates/rescues/_web_console.html.erb (2.2ms)
  Rendered vendor/bundle/ruby/2.1.0/gems/web-console-2.0.0/lib/action_dispatch/templates/rescues/missing_template.html.erb within rescues/layout (48.1ms)


Started GET "/api/values/index" for 127.0.0.1 at 2015-02-27 16:35:24 +0900
Processing by Api::ValuesController#index as HTML
Completed 500 Internal Server Error in 3ms

ActionView::MissingTemplate (Missing template api/values/index, application/index with {:locale=>[:en], :formats=>[:html], :variants=>[], :handlers=>[:erb, :builder, :raw, :ruby, :jbuilder]}. Searched in:
  * "/Users/yuichi/Documents/working/study_frontend/rails_gulp/rails_gulp/vendor/bundle/ruby/2.1.0/gems/web-console-2.0.0/lib/action_dispatch/templates"
  * "/Users/yuichi/Documents/working/study_frontend/rails_gulp/rails_gulp/app/views"
):
  vendor/bundle/ruby/2.1.0/gems/actionview-4.2.0/lib/action_view/path_set.rb:46:in `find'
  vendor/bundle/ruby/2.1.0/gems/actionview-4.2.0/lib/action_view/lookup_context.rb:121:in `find'
  vendor/bundle/ruby/2.1.0/gems/actionview-4.2.0/lib/action_view/renderer/abstract_renderer.rb:18:in `find_template'
  vendor/bundle/ruby/2.1.0/gems/actionview-4.2.0/lib/action_view/renderer/template_renderer.rb:40:in `determine_template'
  vendor/bundle/ruby/2.1.0/gems/actionview-4.2.0/lib/action_view/renderer/template_renderer.rb:8:in `render'
  vendor/bundle/ruby/2.1.0/gems/actionview-4.2.0/lib/action_view/renderer/renderer.rb:42:in `render_template'
  vendor/bundle/ruby/2.1.0/gems/actionview-4.2.0/lib/action_view/renderer/renderer.rb:23:in `render'
  vendor/bundle/ruby/2.1.0/gems/actionview-4.2.0/lib/action_view/rendering.rb:100:in `_render_template'
  vendor/bundle/ruby/2.1.0/gems/actionpack-4.2.0/lib/action_controller/metal/streaming.rb:217:in `_render_template'
  vendor/bundle/ruby/2.1.0/gems/actionview-4.2.0/lib/action_view/rendering.rb:83:in `render_to_body'
  vendor/bundle/ruby/2.1.0/gems/actionpack-4.2.0/lib/action_controller/metal/rendering.rb:32:in `render_to_body'
  vendor/bundle/ruby/2.1.0/gems/actionpack-4.2.0/lib/action_controller/metal/renderers.rb:37:in `render_to_body'
  vendor/bundle/ruby/2.1.0/gems/actionpack-4.2.0/lib/abstract_controller/rendering.rb:25:in `render'
  vendor/bundle/ruby/2.1.0/gems/actionpack-4.2.0/lib/action_controller/metal/rendering.rb:16:in `render'
  vendor/bundle/ruby/2.1.0/gems/actionpack-4.2.0/lib/action_controller/metal/instrumentation.rb:41:in `block (2 levels) in render'
  vendor/bundle/ruby/2.1.0/gems/activesupport-4.2.0/lib/active_support/core_ext/benchmark.rb:12:in `block in ms'
  /Users/yuichi/.rbenv/versions/2.1.4/lib/ruby/2.1.0/benchmark.rb:294:in `realtime'
  vendor/bundle/ruby/2.1.0/gems/activesupport-4.2.0/lib/active_support/core_ext/benchmark.rb:12:in `ms'
  vendor/bundle/ruby/2.1.0/gems/actionpack-4.2.0/lib/action_controller/metal/instrumentation.rb:41:in `block in render'
  vendor/bundle/ruby/2.1.0/gems/actionpack-4.2.0/lib/action_controller/metal/instrumentation.rb:84:in `cleanup_view_runtime'
  vendor/bundle/ruby/2.1.0/gems/actionpack-4.2.0/lib/action_controller/metal/instrumentation.rb:40:in `render'
  vendor/bundle/ruby/2.1.0/gems/actionpack-4.2.0/lib/action_controller/metal/implicit_render.rb:10:in `default_render'
  vendor/bundle/ruby/2.1.0/gems/actionpack-4.2.0/lib/action_controller/metal/implicit_render.rb:5:in `send_action'
  vendor/bundle/ruby/2.1.0/gems/actionpack-4.2.0/lib/abstract_controller/base.rb:198:in `process_action'
  vendor/bundle/ruby/2.1.0/gems/actionpack-4.2.0/lib/action_controller/metal/rendering.rb:10:in `process_action'
  vendor/bundle/ruby/2.1.0/gems/actionpack-4.2.0/lib/abstract_controller/callbacks.rb:20:in `block in process_action'
  vendor/bundle/ruby/2.1.0/gems/activesupport-4.2.0/lib/active_support/callbacks.rb:117:in `call'
  vendor/bundle/ruby/2.1.0/gems/activesupport-4.2.0/lib/active_support/callbacks.rb:117:in `call'
  vendor/bundle/ruby/2.1.0/gems/activesupport-4.2.0/lib/active_support/callbacks.rb:234:in `block in halting'
  vendor/bundle/ruby/2.1.0/gems/activesupport-4.2.0/lib/active_support/callbacks.rb:234:in `call'
  vendor/bundle/ruby/2.1.0/gems/activesupport-4.2.0/lib/active_support/callbacks.rb:234:in `block in halting'
  vendor/bundle/ruby/2.1.0/gems/activesupport-4.2.0/lib/active_support/callbacks.rb:169:in `call'
  vendor/bundle/ruby/2.1.0/gems/activesupport-4.2.0/lib/active_support/callbacks.rb:169:in `block in halting'
  vendor/bundle/ruby/2.1.0/gems/activesupport-4.2.0/lib/active_support/callbacks.rb:92:in `call'
  vendor/bundle/ruby/2.1.0/gems/activesupport-4.2.0/lib/active_support/callbacks.rb:92:in `_run_callbacks'
  vendor/bundle/ruby/2.1.0/gems/activesupport-4.2.0/lib/active_support/callbacks.rb:734:in `_run_process_action_callbacks'
  vendor/bundle/ruby/2.1.0/gems/activesupport-4.2.0/lib/active_support/callbacks.rb:81:in `run_callbacks'
  vendor/bundle/ruby/2.1.0/gems/actionpack-4.2.0/lib/abstract_controller/callbacks.rb:19:in `process_action'
  vendor/bundle/ruby/2.1.0/gems/actionpack-4.2.0/lib/action_controller/metal/rescue.rb:29:in `process_action'
  vendor/bundle/ruby/2.1.0/gems/actionpack-4.2.0/lib/action_controller/metal/instrumentation.rb:31:in `block in process_action'
  vendor/bundle/ruby/2.1.0/gems/activesupport-4.2.0/lib/active_support/notifications.rb:164:in `block in instrument'
  vendor/bundle/ruby/2.1.0/gems/activesupport-4.2.0/lib/active_support/notifications/instrumenter.rb:20:in `instrument'
  vendor/bundle/ruby/2.1.0/gems/activesupport-4.2.0/lib/active_support/notifications.rb:164:in `instrument'
  vendor/bundle/ruby/2.1.0/gems/actionpack-4.2.0/lib/action_controller/metal/instrumentation.rb:30:in `process_action'
  vendor/bundle/ruby/2.1.0/gems/actionpack-4.2.0/lib/action_controller/metal/params_wrapper.rb:250:in `process_action'
  vendor/bundle/ruby/2.1.0/gems/actionpack-4.2.0/lib/abstract_controller/base.rb:137:in `process'
  vendor/bundle/ruby/2.1.0/gems/actionview-4.2.0/lib/action_view/rendering.rb:30:in `process'
  vendor/bundle/ruby/2.1.0/gems/actionpack-4.2.0/lib/action_controller/metal.rb:195:in `dispatch'
  vendor/bundle/ruby/2.1.0/gems/actionpack-4.2.0/lib/action_controller/metal/rack_delegation.rb:13:in `dispatch'
  vendor/bundle/ruby/2.1.0/gems/actionpack-4.2.0/lib/action_controller/metal.rb:236:in `block in action'
  vendor/bundle/ruby/2.1.0/gems/actionpack-4.2.0/lib/action_dispatch/routing/route_set.rb:73:in `call'
  vendor/bundle/ruby/2.1.0/gems/actionpack-4.2.0/lib/action_dispatch/routing/route_set.rb:73:in `dispatch'
  vendor/bundle/ruby/2.1.0/gems/actionpack-4.2.0/lib/action_dispatch/routing/route_set.rb:42:in `serve'
  vendor/bundle/ruby/2.1.0/gems/actionpack-4.2.0/lib/action_dispatch/journey/router.rb:43:in `block in serve'
  vendor/bundle/ruby/2.1.0/gems/actionpack-4.2.0/lib/action_dispatch/journey/router.rb:30:in `each'
  vendor/bundle/ruby/2.1.0/gems/actionpack-4.2.0/lib/action_dispatch/journey/router.rb:30:in `serve'
  vendor/bundle/ruby/2.1.0/gems/actionpack-4.2.0/lib/action_dispatch/routing/route_set.rb:802:in `call'
  vendor/bundle/ruby/2.1.0/gems/rack-1.6.0/lib/rack/etag.rb:24:in `call'
  vendor/bundle/ruby/2.1.0/gems/rack-1.6.0/lib/rack/conditionalget.rb:25:in `call'
  vendor/bundle/ruby/2.1.0/gems/rack-1.6.0/lib/rack/head.rb:13:in `call'
  vendor/bundle/ruby/2.1.0/gems/actionpack-4.2.0/lib/action_dispatch/middleware/params_parser.rb:27:in `call'
  vendor/bundle/ruby/2.1.0/gems/actionpack-4.2.0/lib/action_dispatch/middleware/flash.rb:260:in `call'
  vendor/bundle/ruby/2.1.0/gems/rack-1.6.0/lib/rack/session/abstract/id.rb:225:in `context'
  vendor/bundle/ruby/2.1.0/gems/rack-1.6.0/lib/rack/session/abstract/id.rb:220:in `call'
  vendor/bundle/ruby/2.1.0/gems/actionpack-4.2.0/lib/action_dispatch/middleware/cookies.rb:560:in `call'
  vendor/bundle/ruby/2.1.0/gems/actionpack-4.2.0/lib/action_dispatch/middleware/callbacks.rb:29:in `block in call'
  vendor/bundle/ruby/2.1.0/gems/activesupport-4.2.0/lib/active_support/callbacks.rb:88:in `call'
  vendor/bundle/ruby/2.1.0/gems/activesupport-4.2.0/lib/active_support/callbacks.rb:88:in `_run_callbacks'
  vendor/bundle/ruby/2.1.0/gems/activesupport-4.2.0/lib/active_support/callbacks.rb:734:in `_run_call_callbacks'
  vendor/bundle/ruby/2.1.0/gems/activesupport-4.2.0/lib/active_support/callbacks.rb:81:in `run_callbacks'
  vendor/bundle/ruby/2.1.0/gems/actionpack-4.2.0/lib/action_dispatch/middleware/callbacks.rb:27:in `call'
  vendor/bundle/ruby/2.1.0/gems/actionpack-4.2.0/lib/action_dispatch/middleware/reloader.rb:73:in `call'
  vendor/bundle/ruby/2.1.0/gems/actionpack-4.2.0/lib/action_dispatch/middleware/remote_ip.rb:78:in `call'
  vendor/bundle/ruby/2.1.0/gems/web-console-2.0.0/lib/action_dispatch/debug_exceptions.rb:18:in `middleware_call'
  vendor/bundle/ruby/2.1.0/gems/web-console-2.0.0/lib/action_dispatch/debug_exceptions.rb:13:in `call'
  vendor/bundle/ruby/2.1.0/gems/actionpack-4.2.0/lib/action_dispatch/middleware/show_exceptions.rb:30:in `call'
  vendor/bundle/ruby/2.1.0/gems/railties-4.2.0/lib/rails/rack/logger.rb:38:in `call_app'
  vendor/bundle/ruby/2.1.0/gems/railties-4.2.0/lib/rails/rack/logger.rb:20:in `block in call'
  vendor/bundle/ruby/2.1.0/gems/activesupport-4.2.0/lib/active_support/tagged_logging.rb:68:in `block in tagged'
  vendor/bundle/ruby/2.1.0/gems/activesupport-4.2.0/lib/active_support/tagged_logging.rb:26:in `tagged'
  vendor/bundle/ruby/2.1.0/gems/activesupport-4.2.0/lib/active_support/tagged_logging.rb:68:in `tagged'
  vendor/bundle/ruby/2.1.0/gems/railties-4.2.0/lib/rails/rack/logger.rb:20:in `call'
  vendor/bundle/ruby/2.1.0/gems/actionpack-4.2.0/lib/action_dispatch/middleware/request_id.rb:21:in `call'
  vendor/bundle/ruby/2.1.0/gems/rack-1.6.0/lib/rack/methodoverride.rb:22:in `call'
  vendor/bundle/ruby/2.1.0/gems/rack-1.6.0/lib/rack/runtime.rb:18:in `call'
  vendor/bundle/ruby/2.1.0/gems/activesupport-4.2.0/lib/active_support/cache/strategy/local_cache_middleware.rb:28:in `call'
  vendor/bundle/ruby/2.1.0/gems/rack-1.6.0/lib/rack/lock.rb:17:in `call'
  vendor/bundle/ruby/2.1.0/gems/actionpack-4.2.0/lib/action_dispatch/middleware/static.rb:113:in `call'
  vendor/bundle/ruby/2.1.0/gems/rack-1.6.0/lib/rack/sendfile.rb:113:in `call'
  vendor/bundle/ruby/2.1.0/gems/railties-4.2.0/lib/rails/engine.rb:518:in `call'
  vendor/bundle/ruby/2.1.0/gems/railties-4.2.0/lib/rails/application.rb:164:in `call'
  vendor/bundle/ruby/2.1.0/gems/rack-1.6.0/lib/rack/lock.rb:17:in `call'
  vendor/bundle/ruby/2.1.0/gems/rack-1.6.0/lib/rack/content_length.rb:15:in `call'
  vendor/bundle/ruby/2.1.0/gems/rack-1.6.0/lib/rack/handler/webrick.rb:89:in `service'
  /Users/yuichi/.rbenv/versions/2.1.4/lib/ruby/2.1.0/webrick/httpserver.rb:138:in `service'
  /Users/yuichi/.rbenv/versions/2.1.4/lib/ruby/2.1.0/webrick/httpserver.rb:94:in `run'
  /Users/yuichi/.rbenv/versions/2.1.4/lib/ruby/2.1.0/webrick/server.rb:295:in `block in start_thread'


  Rendered vendor/bundle/ruby/2.1.0/gems/web-console-2.0.0/lib/action_dispatch/templates/rescues/_source.erb (9.0ms)
  Rendered vendor/bundle/ruby/2.1.0/gems/web-console-2.0.0/lib/action_dispatch/templates/rescues/_trace.html.erb (4.0ms)
  Rendered vendor/bundle/ruby/2.1.0/gems/web-console-2.0.0/lib/action_dispatch/templates/rescues/_request_and_response.html.erb (2.0ms)
  Rendered vendor/bundle/ruby/2.1.0/gems/web-console-2.0.0/lib/action_dispatch/templates/rescues/_web_console.html.erb (1.5ms)
  Rendered vendor/bundle/ruby/2.1.0/gems/web-console-2.0.0/lib/action_dispatch/templates/rescues/missing_template.html.erb within rescues/layout (40.3ms)


Started GET "/api/values/index.json" for 127.0.0.1 at 2015-02-27 16:36:23 +0900
Processing by Api::ValuesController#index as JSON
  Rendered api/values/index.json.jbuilder (6.1ms)
Completed 500 Internal Server Error in 16ms

ActionView::Template::Error (key not found: :id):
    1: json.array!(@api_values) do |api_value|
    2:   json.extract! api_value, :id, :index
    3:   json.url api_value_url(api_value, format: :json)
    4: end
  app/views/api/values/index.json.jbuilder:2:in `block in _app_views_api_values_index_json_jbuilder__2935832266548120700_70171751608880'
  app/views/api/values/index.json.jbuilder:1:in `_app_views_api_values_index_json_jbuilder__2935832266548120700_70171751608880'


  Rendered vendor/bundle/ruby/2.1.0/gems/web-console-2.0.0/lib/action_dispatch/templates/rescues/_source.erb (11.0ms)
  Rendered vendor/bundle/ruby/2.1.0/gems/web-console-2.0.0/lib/action_dispatch/templates/rescues/_trace.html.erb (4.7ms)
  Rendered vendor/bundle/ruby/2.1.0/gems/web-console-2.0.0/lib/action_dispatch/templates/rescues/_request_and_response.html.erb (2.4ms)
  Rendered vendor/bundle/ruby/2.1.0/gems/web-console-2.0.0/lib/action_dispatch/templates/rescues/_web_console.html.erb (1.5ms)
  Rendered vendor/bundle/ruby/2.1.0/gems/web-console-2.0.0/lib/action_dispatch/templates/rescues/template_error.html.erb within rescues/layout (46.5ms)


Started GET "/api/values.json" for 127.0.0.1 at 2015-02-27 16:36:32 +0900

ActionController::RoutingError (No route matches [GET] "/api/values.json"):
  vendor/bundle/ruby/2.1.0/gems/web-console-2.0.0/lib/action_dispatch/debug_exceptions.rb:22:in `middleware_call'
  vendor/bundle/ruby/2.1.0/gems/web-console-2.0.0/lib/action_dispatch/debug_exceptions.rb:13:in `call'
  vendor/bundle/ruby/2.1.0/gems/actionpack-4.2.0/lib/action_dispatch/middleware/show_exceptions.rb:30:in `call'
  vendor/bundle/ruby/2.1.0/gems/railties-4.2.0/lib/rails/rack/logger.rb:38:in `call_app'
  vendor/bundle/ruby/2.1.0/gems/railties-4.2.0/lib/rails/rack/logger.rb:20:in `block in call'
  vendor/bundle/ruby/2.1.0/gems/activesupport-4.2.0/lib/active_support/tagged_logging.rb:68:in `block in tagged'
  vendor/bundle/ruby/2.1.0/gems/activesupport-4.2.0/lib/active_support/tagged_logging.rb:26:in `tagged'
  vendor/bundle/ruby/2.1.0/gems/activesupport-4.2.0/lib/active_support/tagged_logging.rb:68:in `tagged'
  vendor/bundle/ruby/2.1.0/gems/railties-4.2.0/lib/rails/rack/logger.rb:20:in `call'
  vendor/bundle/ruby/2.1.0/gems/actionpack-4.2.0/lib/action_dispatch/middleware/request_id.rb:21:in `call'
  vendor/bundle/ruby/2.1.0/gems/rack-1.6.0/lib/rack/methodoverride.rb:22:in `call'
  vendor/bundle/ruby/2.1.0/gems/rack-1.6.0/lib/rack/runtime.rb:18:in `call'
  vendor/bundle/ruby/2.1.0/gems/activesupport-4.2.0/lib/active_support/cache/strategy/local_cache_middleware.rb:28:in `call'
  vendor/bundle/ruby/2.1.0/gems/rack-1.6.0/lib/rack/lock.rb:17:in `call'
  vendor/bundle/ruby/2.1.0/gems/actionpack-4.2.0/lib/action_dispatch/middleware/static.rb:113:in `call'
  vendor/bundle/ruby/2.1.0/gems/rack-1.6.0/lib/rack/sendfile.rb:113:in `call'
  vendor/bundle/ruby/2.1.0/gems/railties-4.2.0/lib/rails/engine.rb:518:in `call'
  vendor/bundle/ruby/2.1.0/gems/railties-4.2.0/lib/rails/application.rb:164:in `call'
  vendor/bundle/ruby/2.1.0/gems/rack-1.6.0/lib/rack/lock.rb:17:in `call'
  vendor/bundle/ruby/2.1.0/gems/rack-1.6.0/lib/rack/content_length.rb:15:in `call'
  vendor/bundle/ruby/2.1.0/gems/rack-1.6.0/lib/rack/handler/webrick.rb:89:in `service'
  /Users/yuichi/.rbenv/versions/2.1.4/lib/ruby/2.1.0/webrick/httpserver.rb:138:in `service'
  /Users/yuichi/.rbenv/versions/2.1.4/lib/ruby/2.1.0/webrick/httpserver.rb:94:in `run'
  /Users/yuichi/.rbenv/versions/2.1.4/lib/ruby/2.1.0/webrick/server.rb:295:in `block in start_thread'


  Rendered vendor/bundle/ruby/2.1.0/gems/web-console-2.0.0/lib/action_dispatch/templates/rescues/_trace.html.erb (3.9ms)
  Rendered vendor/bundle/ruby/2.1.0/gems/web-console-2.0.0/lib/action_dispatch/templates/routes/_route.html.erb (1.2ms)
  Rendered vendor/bundle/ruby/2.1.0/gems/web-console-2.0.0/lib/action_dispatch/templates/routes/_table.html.erb (3.2ms)
  Rendered vendor/bundle/ruby/2.1.0/gems/web-console-2.0.0/lib/action_dispatch/templates/rescues/_request_and_response.html.erb (4.0ms)
  Rendered vendor/bundle/ruby/2.1.0/gems/web-console-2.0.0/lib/action_dispatch/templates/rescues/_web_console.html.erb (2.4ms)
  Rendered vendor/bundle/ruby/2.1.0/gems/web-console-2.0.0/lib/action_dispatch/templates/rescues/routing_error.html.erb within rescues/layout (62.3ms)


Started GET "/api/values/index.json" for 127.0.0.1 at 2015-02-27 16:36:58 +0900
Processing by Api::ValuesController#index as JSON
  Rendered api/values/index.json.jbuilder (2.5ms)
Completed 500 Internal Server Error in 11ms

ActionView::Template::Error (key not found: :index):
    1: json.array!(@api_values) do |api_value|
    2:   json.extract! api_value, :id, :index
    3:   json.url api_value_url(api_value, format: :json)
    4: end
  app/views/api/values/index.json.jbuilder:2:in `block in _app_views_api_values_index_json_jbuilder__2935832266548120700_70171751608880'
  app/views/api/values/index.json.jbuilder:1:in `_app_views_api_values_index_json_jbuilder__2935832266548120700_70171751608880'


  Rendered vendor/bundle/ruby/2.1.0/gems/web-console-2.0.0/lib/action_dispatch/templates/rescues/_source.erb (17.7ms)
  Rendered vendor/bundle/ruby/2.1.0/gems/web-console-2.0.0/lib/action_dispatch/templates/rescues/_trace.html.erb (4.2ms)
  Rendered vendor/bundle/ruby/2.1.0/gems/web-console-2.0.0/lib/action_dispatch/templates/rescues/_request_and_response.html.erb (1.9ms)
  Rendered vendor/bundle/ruby/2.1.0/gems/web-console-2.0.0/lib/action_dispatch/templates/rescues/_web_console.html.erb (1.3ms)
  Rendered vendor/bundle/ruby/2.1.0/gems/web-console-2.0.0/lib/action_dispatch/templates/rescues/template_error.html.erb within rescues/layout (50.3ms)


Started GET "/api/values/index.json" for 127.0.0.1 at 2015-02-27 16:37:11 +0900
Processing by Api::ValuesController#index as JSON
  Rendered api/values/index.json.jbuilder (16.7ms)
Completed 500 Internal Server Error in 23ms

ActionView::Template::Error (undefined method `api_value_url' for #<#<Class:0x007fa444cdaba0>:0x007fa4498ab548>):
    1: json.array!(@api_values) do |api_value|
    2:   json.extract! api_value, :id, :index
    3:   json.url api_value_url(api_value, format: :json)
    4: end
  app/views/api/values/index.json.jbuilder:3:in `block in _app_views_api_values_index_json_jbuilder__2935832266548120700_70171751608880'
  app/views/api/values/index.json.jbuilder:1:in `_app_views_api_values_index_json_jbuilder__2935832266548120700_70171751608880'


  Rendered vendor/bundle/ruby/2.1.0/gems/web-console-2.0.0/lib/action_dispatch/templates/rescues/_source.erb (11.5ms)
  Rendered vendor/bundle/ruby/2.1.0/gems/web-console-2.0.0/lib/action_dispatch/templates/rescues/_trace.html.erb (4.3ms)
  Rendered vendor/bundle/ruby/2.1.0/gems/web-console-2.0.0/lib/action_dispatch/templates/rescues/_request_and_response.html.erb (2.4ms)
  Rendered vendor/bundle/ruby/2.1.0/gems/web-console-2.0.0/lib/action_dispatch/templates/rescues/_web_console.html.erb (1.4ms)
  Rendered vendor/bundle/ruby/2.1.0/gems/web-console-2.0.0/lib/action_dispatch/templates/rescues/template_error.html.erb within rescues/layout (47.7ms)


Started GET "/api/values/index.json" for 127.0.0.1 at 2015-02-27 16:37:13 +0900
Processing by Api::ValuesController#index as JSON
  Rendered api/values/index.json.jbuilder (16.1ms)
Completed 500 Internal Server Error in 21ms

ActionView::Template::Error (undefined method `api_value_url' for #<#<Class:0x007fa444cdaba0>:0x007fa449aa97c8>):
    1: json.array!(@api_values) do |api_value|
    2:   json.extract! api_value, :id, :index
    3:   json.url api_value_url(api_value, format: :json)
    4: end
  app/views/api/values/index.json.jbuilder:3:in `block in _app_views_api_values_index_json_jbuilder__2935832266548120700_70171751608880'
  app/views/api/values/index.json.jbuilder:1:in `_app_views_api_values_index_json_jbuilder__2935832266548120700_70171751608880'


  Rendered vendor/bundle/ruby/2.1.0/gems/web-console-2.0.0/lib/action_dispatch/templates/rescues/_source.erb (11.5ms)
  Rendered vendor/bundle/ruby/2.1.0/gems/web-console-2.0.0/lib/action_dispatch/templates/rescues/_trace.html.erb (4.5ms)
  Rendered vendor/bundle/ruby/2.1.0/gems/web-console-2.0.0/lib/action_dispatch/templates/rescues/_request_and_response.html.erb (2.4ms)
  Rendered vendor/bundle/ruby/2.1.0/gems/web-console-2.0.0/lib/action_dispatch/templates/rescues/_web_console.html.erb (1.1ms)
  Rendered vendor/bundle/ruby/2.1.0/gems/web-console-2.0.0/lib/action_dispatch/templates/rescues/template_error.html.erb within rescues/layout (45.0ms)


Started GET "/api/values/index.json" for 127.0.0.1 at 2015-02-27 16:37:15 +0900
Processing by Api::ValuesController#index as JSON
  Rendered api/values/index.json.jbuilder (15.2ms)
Completed 500 Internal Server Error in 21ms

ActionView::Template::Error (undefined method `api_value_url' for #<#<Class:0x007fa444cdaba0>:0x007fa44b801410>):
    1: json.array!(@api_values) do |api_value|
    2:   json.extract! api_value, :id, :index
    3:   json.url api_value_url(api_value, format: :json)
    4: end
  app/views/api/values/index.json.jbuilder:3:in `block in _app_views_api_values_index_json_jbuilder__2935832266548120700_70171751608880'
  app/views/api/values/index.json.jbuilder:1:in `_app_views_api_values_index_json_jbuilder__2935832266548120700_70171751608880'


  Rendered vendor/bundle/ruby/2.1.0/gems/web-console-2.0.0/lib/action_dispatch/templates/rescues/_source.erb (12.4ms)
  Rendered vendor/bundle/ruby/2.1.0/gems/web-console-2.0.0/lib/action_dispatch/templates/rescues/_trace.html.erb (3.6ms)
  Rendered vendor/bundle/ruby/2.1.0/gems/web-console-2.0.0/lib/action_dispatch/templates/rescues/_request_and_response.html.erb (2.1ms)
  Rendered vendor/bundle/ruby/2.1.0/gems/web-console-2.0.0/lib/action_dispatch/templates/rescues/_web_console.html.erb (1.2ms)
  Rendered vendor/bundle/ruby/2.1.0/gems/web-console-2.0.0/lib/action_dispatch/templates/rescues/template_error.html.erb within rescues/layout (42.1ms)


Started GET "/api/values/index.json" for 127.0.0.1 at 2015-02-27 16:38:01 +0900
Processing by Api::ValuesController#index as JSON
  Rendered api/values/index.json.jbuilder (11.6ms)
Completed 200 OK in 19ms (Views: 18.7ms)


Started GET "/api/values/index.json" for 127.0.0.1 at 2015-02-27 16:38:17 +0900
Processing by Api::ValuesController#index as JSON
  Rendered api/values/index.json.jbuilder (0.6ms)
Completed 200 OK in 7ms (Views: 6.3ms)


Started GET "/api/values/index.json" for 127.0.0.1 at 2015-02-27 16:38:24 +0900
Processing by Api::ValuesController#index as JSON
  Rendered api/values/index.json.jbuilder (0.6ms)
Completed 200 OK in 6ms (Views: 5.9ms)


Started GET "/api/values/index.json" for 127.0.0.1 at 2015-02-27 16:38:29 +0900
Processing by Api::ValuesController#index as JSON
  Rendered api/values/index.json.jbuilder (0.6ms)
Completed 200 OK in 6ms (Views: 6.1ms)


Started GET "/api/values/index.json" for 127.0.0.1 at 2015-02-27 16:40:30 +0900
Processing by Api::ValuesController#index as JSON
  Rendered api/values/index.json.jbuilder (3.8ms)
Completed 200 OK in 18ms (Views: 17.3ms)


Started GET "/api/values/index.json" for 127.0.0.1 at 2015-02-27 16:40:31 +0900
Processing by Api::ValuesController#index as JSON
  Rendered api/values/index.json.jbuilder (0.1ms)
Completed 200 OK in 5ms (Views: 4.3ms)


Started GET "/api/value/index.json" for 127.0.0.1 at 2015-02-27 17:02:52 +0900

ActionController::RoutingError (No route matches [GET] "/api/value/index.json"):
  vendor/bundle/ruby/2.1.0/gems/web-console-2.0.0/lib/action_dispatch/debug_exceptions.rb:22:in `middleware_call'
  vendor/bundle/ruby/2.1.0/gems/web-console-2.0.0/lib/action_dispatch/debug_exceptions.rb:13:in `call'
  vendor/bundle/ruby/2.1.0/gems/actionpack-4.2.0/lib/action_dispatch/middleware/show_exceptions.rb:30:in `call'
  vendor/bundle/ruby/2.1.0/gems/railties-4.2.0/lib/rails/rack/logger.rb:38:in `call_app'
  vendor/bundle/ruby/2.1.0/gems/railties-4.2.0/lib/rails/rack/logger.rb:20:in `block in call'
  vendor/bundle/ruby/2.1.0/gems/activesupport-4.2.0/lib/active_support/tagged_logging.rb:68:in `block in tagged'
  vendor/bundle/ruby/2.1.0/gems/activesupport-4.2.0/lib/active_support/tagged_logging.rb:26:in `tagged'
  vendor/bundle/ruby/2.1.0/gems/activesupport-4.2.0/lib/active_support/tagged_logging.rb:68:in `tagged'
  vendor/bundle/ruby/2.1.0/gems/railties-4.2.0/lib/rails/rack/logger.rb:20:in `call'
  vendor/bundle/ruby/2.1.0/gems/actionpack-4.2.0/lib/action_dispatch/middleware/request_id.rb:21:in `call'
  vendor/bundle/ruby/2.1.0/gems/rack-1.6.0/lib/rack/methodoverride.rb:22:in `call'
  vendor/bundle/ruby/2.1.0/gems/rack-1.6.0/lib/rack/runtime.rb:18:in `call'
  vendor/bundle/ruby/2.1.0/gems/activesupport-4.2.0/lib/active_support/cache/strategy/local_cache_middleware.rb:28:in `call'
  vendor/bundle/ruby/2.1.0/gems/rack-1.6.0/lib/rack/lock.rb:17:in `call'
  vendor/bundle/ruby/2.1.0/gems/actionpack-4.2.0/lib/action_dispatch/middleware/static.rb:113:in `call'
  vendor/bundle/ruby/2.1.0/gems/rack-1.6.0/lib/rack/sendfile.rb:113:in `call'
  vendor/bundle/ruby/2.1.0/gems/railties-4.2.0/lib/rails/engine.rb:518:in `call'
  vendor/bundle/ruby/2.1.0/gems/railties-4.2.0/lib/rails/application.rb:164:in `call'
  vendor/bundle/ruby/2.1.0/gems/rack-1.6.0/lib/rack/lock.rb:17:in `call'
  vendor/bundle/ruby/2.1.0/gems/rack-1.6.0/lib/rack/content_length.rb:15:in `call'
  vendor/bundle/ruby/2.1.0/gems/rack-1.6.0/lib/rack/handler/webrick.rb:89:in `service'
  /Users/yuichi/.rbenv/versions/2.1.4/lib/ruby/2.1.0/webrick/httpserver.rb:138:in `service'
  /Users/yuichi/.rbenv/versions/2.1.4/lib/ruby/2.1.0/webrick/httpserver.rb:94:in `run'
  /Users/yuichi/.rbenv/versions/2.1.4/lib/ruby/2.1.0/webrick/server.rb:295:in `block in start_thread'


  Rendered vendor/bundle/ruby/2.1.0/gems/web-console-2.0.0/lib/action_dispatch/templates/rescues/_trace.html.erb (2.2ms)
  Rendered vendor/bundle/ruby/2.1.0/gems/web-console-2.0.0/lib/action_dispatch/templates/routes/_route.html.erb (1.0ms)
  Rendered vendor/bundle/ruby/2.1.0/gems/web-console-2.0.0/lib/action_dispatch/templates/routes/_table.html.erb (21.2ms)
  Rendered vendor/bundle/ruby/2.1.0/gems/web-console-2.0.0/lib/action_dispatch/templates/rescues/_request_and_response.html.erb (15.8ms)
  Rendered vendor/bundle/ruby/2.1.0/gems/web-console-2.0.0/lib/action_dispatch/templates/rescues/_web_console.html.erb (2.3ms)
  Rendered vendor/bundle/ruby/2.1.0/gems/web-console-2.0.0/lib/action_dispatch/templates/rescues/routing_error.html.erb within rescues/layout (100.5ms)


Started GET "/api/value/index.json" for 127.0.0.1 at 2015-02-27 17:02:56 +0900

ActionController::RoutingError (No route matches [GET] "/api/value/index.json"):
  vendor/bundle/ruby/2.1.0/gems/web-console-2.0.0/lib/action_dispatch/debug_exceptions.rb:22:in `middleware_call'
  vendor/bundle/ruby/2.1.0/gems/web-console-2.0.0/lib/action_dispatch/debug_exceptions.rb:13:in `call'
  vendor/bundle/ruby/2.1.0/gems/actionpack-4.2.0/lib/action_dispatch/middleware/show_exceptions.rb:30:in `call'
  vendor/bundle/ruby/2.1.0/gems/railties-4.2.0/lib/rails/rack/logger.rb:38:in `call_app'
  vendor/bundle/ruby/2.1.0/gems/railties-4.2.0/lib/rails/rack/logger.rb:20:in `block in call'
  vendor/bundle/ruby/2.1.0/gems/activesupport-4.2.0/lib/active_support/tagged_logging.rb:68:in `block in tagged'
  vendor/bundle/ruby/2.1.0/gems/activesupport-4.2.0/lib/active_support/tagged_logging.rb:26:in `tagged'
  vendor/bundle/ruby/2.1.0/gems/activesupport-4.2.0/lib/active_support/tagged_logging.rb:68:in `tagged'
  vendor/bundle/ruby/2.1.0/gems/railties-4.2.0/lib/rails/rack/logger.rb:20:in `call'
  vendor/bundle/ruby/2.1.0/gems/actionpack-4.2.0/lib/action_dispatch/middleware/request_id.rb:21:in `call'
  vendor/bundle/ruby/2.1.0/gems/rack-1.6.0/lib/rack/methodoverride.rb:22:in `call'
  vendor/bundle/ruby/2.1.0/gems/rack-1.6.0/lib/rack/runtime.rb:18:in `call'
  vendor/bundle/ruby/2.1.0/gems/activesupport-4.2.0/lib/active_support/cache/strategy/local_cache_middleware.rb:28:in `call'
  vendor/bundle/ruby/2.1.0/gems/rack-1.6.0/lib/rack/lock.rb:17:in `call'
  vendor/bundle/ruby/2.1.0/gems/actionpack-4.2.0/lib/action_dispatch/middleware/static.rb:113:in `call'
  vendor/bundle/ruby/2.1.0/gems/rack-1.6.0/lib/rack/sendfile.rb:113:in `call'
  vendor/bundle/ruby/2.1.0/gems/railties-4.2.0/lib/rails/engine.rb:518:in `call'
  vendor/bundle/ruby/2.1.0/gems/railties-4.2.0/lib/rails/application.rb:164:in `call'
  vendor/bundle/ruby/2.1.0/gems/rack-1.6.0/lib/rack/lock.rb:17:in `call'
  vendor/bundle/ruby/2.1.0/gems/rack-1.6.0/lib/rack/content_length.rb:15:in `call'
  vendor/bundle/ruby/2.1.0/gems/rack-1.6.0/lib/rack/handler/webrick.rb:89:in `service'
  /Users/yuichi/.rbenv/versions/2.1.4/lib/ruby/2.1.0/webrick/httpserver.rb:138:in `service'
  /Users/yuichi/.rbenv/versions/2.1.4/lib/ruby/2.1.0/webrick/httpserver.rb:94:in `run'
  /Users/yuichi/.rbenv/versions/2.1.4/lib/ruby/2.1.0/webrick/server.rb:295:in `block in start_thread'


  Rendered vendor/bundle/ruby/2.1.0/gems/web-console-2.0.0/lib/action_dispatch/templates/rescues/_trace.html.erb (4.1ms)
  Rendered vendor/bundle/ruby/2.1.0/gems/web-console-2.0.0/lib/action_dispatch/templates/routes/_route.html.erb (1.2ms)
  Rendered vendor/bundle/ruby/2.1.0/gems/web-console-2.0.0/lib/action_dispatch/templates/routes/_table.html.erb (2.2ms)
  Rendered vendor/bundle/ruby/2.1.0/gems/web-console-2.0.0/lib/action_dispatch/templates/rescues/_request_and_response.html.erb (2.2ms)
  Rendered vendor/bundle/ruby/2.1.0/gems/web-console-2.0.0/lib/action_dispatch/templates/rescues/_web_console.html.erb (1.6ms)
  Rendered vendor/bundle/ruby/2.1.0/gems/web-console-2.0.0/lib/action_dispatch/templates/rescues/routing_error.html.erb within rescues/layout (43.7ms)


Started GET "/api/values/index.json" for 127.0.0.1 at 2015-02-27 17:03:09 +0900
Processing by Api::ValuesController#index as JSON
  Rendered api/values/index.json.jbuilder (5.9ms)
Completed 200 OK in 17ms (Views: 15.6ms)


Started GET "/api/values/index.json" for 127.0.0.1 at 2015-02-27 17:03:11 +0900
Processing by Api::ValuesController#index as JSON
  Rendered api/values/index.json.jbuilder (0.1ms)
Completed 200 OK in 5ms (Views: 4.9ms)


Started GET "/api/values/index.json" for 127.0.0.1 at 2015-02-27 17:03:24 +0900
Processing by Api::ValuesController#index as JSON
  Rendered api/values/index.json.jbuilder (0.2ms)
Completed 200 OK in 6ms (Views: 5.3ms)


Started GET "/api/foo" for 127.0.0.1 at 2015-02-27 17:03:29 +0900

ActionController::RoutingError (No route matches [GET] "/api/foo"):
  vendor/bundle/ruby/2.1.0/gems/web-console-2.0.0/lib/action_dispatch/debug_exceptions.rb:22:in `middleware_call'
  vendor/bundle/ruby/2.1.0/gems/web-console-2.0.0/lib/action_dispatch/debug_exceptions.rb:13:in `call'
  vendor/bundle/ruby/2.1.0/gems/actionpack-4.2.0/lib/action_dispatch/middleware/show_exceptions.rb:30:in `call'
  vendor/bundle/ruby/2.1.0/gems/railties-4.2.0/lib/rails/rack/logger.rb:38:in `call_app'
  vendor/bundle/ruby/2.1.0/gems/railties-4.2.0/lib/rails/rack/logger.rb:20:in `block in call'
  vendor/bundle/ruby/2.1.0/gems/activesupport-4.2.0/lib/active_support/tagged_logging.rb:68:in `block in tagged'
  vendor/bundle/ruby/2.1.0/gems/activesupport-4.2.0/lib/active_support/tagged_logging.rb:26:in `tagged'
  vendor/bundle/ruby/2.1.0/gems/activesupport-4.2.0/lib/active_support/tagged_logging.rb:68:in `tagged'
  vendor/bundle/ruby/2.1.0/gems/railties-4.2.0/lib/rails/rack/logger.rb:20:in `call'
  vendor/bundle/ruby/2.1.0/gems/actionpack-4.2.0/lib/action_dispatch/middleware/request_id.rb:21:in `call'
  vendor/bundle/ruby/2.1.0/gems/rack-1.6.0/lib/rack/methodoverride.rb:22:in `call'
  vendor/bundle/ruby/2.1.0/gems/rack-1.6.0/lib/rack/runtime.rb:18:in `call'
  vendor/bundle/ruby/2.1.0/gems/activesupport-4.2.0/lib/active_support/cache/strategy/local_cache_middleware.rb:28:in `call'
  vendor/bundle/ruby/2.1.0/gems/rack-1.6.0/lib/rack/lock.rb:17:in `call'
  vendor/bundle/ruby/2.1.0/gems/actionpack-4.2.0/lib/action_dispatch/middleware/static.rb:113:in `call'
  vendor/bundle/ruby/2.1.0/gems/rack-1.6.0/lib/rack/sendfile.rb:113:in `call'
  vendor/bundle/ruby/2.1.0/gems/railties-4.2.0/lib/rails/engine.rb:518:in `call'
  vendor/bundle/ruby/2.1.0/gems/railties-4.2.0/lib/rails/application.rb:164:in `call'
  vendor/bundle/ruby/2.1.0/gems/rack-1.6.0/lib/rack/lock.rb:17:in `call'
  vendor/bundle/ruby/2.1.0/gems/rack-1.6.0/lib/rack/content_length.rb:15:in `call'
  vendor/bundle/ruby/2.1.0/gems/rack-1.6.0/lib/rack/handler/webrick.rb:89:in `service'
  /Users/yuichi/.rbenv/versions/2.1.4/lib/ruby/2.1.0/webrick/httpserver.rb:138:in `service'
  /Users/yuichi/.rbenv/versions/2.1.4/lib/ruby/2.1.0/webrick/httpserver.rb:94:in `run'
  /Users/yuichi/.rbenv/versions/2.1.4/lib/ruby/2.1.0/webrick/server.rb:295:in `block in start_thread'


  Rendered vendor/bundle/ruby/2.1.0/gems/web-console-2.0.0/lib/action_dispatch/templates/rescues/_trace.html.erb (2.8ms)
  Rendered vendor/bundle/ruby/2.1.0/gems/web-console-2.0.0/lib/action_dispatch/templates/routes/_route.html.erb (1.9ms)
  Rendered vendor/bundle/ruby/2.1.0/gems/web-console-2.0.0/lib/action_dispatch/templates/routes/_table.html.erb (2.1ms)
  Rendered vendor/bundle/ruby/2.1.0/gems/web-console-2.0.0/lib/action_dispatch/templates/rescues/_request_and_response.html.erb (2.8ms)
  Rendered vendor/bundle/ruby/2.1.0/gems/web-console-2.0.0/lib/action_dispatch/templates/rescues/_web_console.html.erb (1.7ms)
  Rendered vendor/bundle/ruby/2.1.0/gems/web-console-2.0.0/lib/action_dispatch/templates/rescues/routing_error.html.erb within rescues/layout (54.1ms)


Started GET "/api/values/index.json" for 127.0.0.1 at 2015-02-27 17:03:50 +0900
Processing by Api::ValuesController#index as JSON
  Rendered api/values/index.json.jbuilder (0.3ms)
Completed 200 OK in 7ms (Views: 6.5ms)


Started GET "/api/values/index.json" for 127.0.0.1 at 2015-02-27 17:03:51 +0900
Processing by Api::ValuesController#index as JSON
  Rendered api/values/index.json.jbuilder (0.2ms)
Completed 200 OK in 6ms (Views: 5.3ms)


Started GET "/api/values/index.json" for 127.0.0.1 at 2015-02-27 17:05:02 +0900
Processing by Api::ValuesController#index as JSON
  Rendered api/values/index.json.jbuilder (0.2ms)
Completed 200 OK in 5ms (Views: 4.7ms)


Started GET "/api/values/index.json" for 127.0.0.1 at 2015-02-27 17:05:06 +0900
Processing by Api::ValuesController#index as JSON
  Rendered api/values/index.json.jbuilder (0.2ms)
Completed 200 OK in 5ms (Views: 4.5ms)


Started GET "/api/values/index.json" for 127.0.0.1 at 2015-02-27 17:05:13 +0900
Processing by Api::ValuesController#index as JSON
  Rendered api/values/index.json.jbuilder (0.4ms)
Completed 200 OK in 6ms (Views: 5.6ms)


Started GET "/api/values/index.json" for 127.0.0.1 at 2015-02-27 17:05:14 +0900
Processing by Api::ValuesController#index as JSON
  Rendered api/values/index.json.jbuilder (0.2ms)
Completed 200 OK in 5ms (Views: 5.2ms)


Started GET "/api/values/index.json" for 127.0.0.1 at 2015-02-27 17:30:08 +0900
Processing by Api::ValuesController#index as JSON
  Rendered api/values/index.json.jbuilder (11.4ms)
Completed 200 OK in 27ms (Views: 25.1ms)


Started GET "/api/values/index.json" for 127.0.0.1 at 2015-02-27 17:43:52 +0900
Processing by Api::ValuesController#index as JSON
  Rendered api/values/index.json.jbuilder (3.9ms)
Completed 200 OK in 32ms (Views: 15.9ms)


Started GET "/api/values/index.json" for 127.0.0.1 at 2015-02-27 17:44:06 +0900
Processing by Api::ValuesController#index as JSON
  Rendered api/values/index.json.jbuilder (0.3ms)
Completed 200 OK in 8ms (Views: 7.5ms)


Started GET "/api/values/index.json" for 127.0.0.1 at 2015-02-27 17:44:06 +0900
Processing by Api::ValuesController#index as JSON
  Rendered api/values/index.json.jbuilder (0.3ms)
Completed 200 OK in 9ms (Views: 8.7ms)


Started GET "/api/values/index.json" for 127.0.0.1 at 2015-02-27 17:44:08 +0900
Processing by Api::ValuesController#index as JSON
  Rendered api/values/index.json.jbuilder (0.2ms)
Completed 200 OK in 10ms (Views: 9.5ms)


Started GET "/api/values/index.json" for 127.0.0.1 at 2015-02-27 17:44:08 +0900
Processing by Api::ValuesController#index as JSON
  Rendered api/values/index.json.jbuilder (0.3ms)
Completed 200 OK in 8ms (Views: 8.1ms)


Started GET "/api/values/index.json" for 127.0.0.1 at 2015-02-27 17:44:15 +0900
Processing by Api::ValuesController#index as JSON
  Rendered api/values/index.json.jbuilder (0.2ms)
Completed 200 OK in 7ms (Views: 6.2ms)


Started GET "/api/values/index.json" for 127.0.0.1 at 2015-02-27 17:44:15 +0900
Processing by Api::ValuesController#index as JSON
  Rendered api/values/index.json.jbuilder (0.3ms)
Completed 200 OK in 9ms (Views: 8.1ms)


Started GET "/api/values/index.json" for 127.0.0.1 at 2015-02-27 17:44:17 +0900
Processing by Api::ValuesController#index as JSON
  Rendered api/values/index.json.jbuilder (0.1ms)
Completed 200 OK in 7ms (Views: 6.4ms)


Started GET "/api/values/index.json" for 127.0.0.1 at 2015-02-27 17:44:17 +0900
Processing by Api::ValuesController#index as JSON
  Rendered api/values/index.json.jbuilder (0.3ms)
Completed 200 OK in 6ms (Views: 5.6ms)


Started GET "/api/values/index.json2" for 127.0.0.1 at 2015-02-27 17:44:22 +0900
Processing by Api::ValuesController#index as 
  Rendered api/values/index.json.jbuilder (8.3ms)
Completed 200 OK in 24ms (Views: 24.1ms)


Started GET "/api/values/index.json2" for 127.0.0.1 at 2015-02-27 17:44:22 +0900
Processing by Api::ValuesController#index as 
  Rendered api/values/index.json.jbuilder (0.3ms)
Completed 200 OK in 14ms (Views: 13.5ms)


Started GET "/api/values/index.json2" for 127.0.0.1 at 2015-02-27 17:44:25 +0900
Processing by Api::ValuesController#index as 
  Rendered api/values/index.json.jbuilder (0.1ms)
Completed 200 OK in 17ms (Views: 16.3ms)


Started GET "/api/values/index.json2" for 127.0.0.1 at 2015-02-27 17:44:25 +0900
Processing by Api::ValuesController#index as 
  Rendered api/values/index.json.jbuilder (0.3ms)
Completed 200 OK in 15ms (Views: 14.6ms)


Started GET "/api/values/index.json2" for 127.0.0.1 at 2015-02-27 17:44:27 +0900
Processing by Api::ValuesController#index as 
  Rendered api/values/index.json.jbuilder (0.5ms)
Completed 200 OK in 23ms (Views: 22.3ms)


Started GET "/api/values/index.json2" for 127.0.0.1 at 2015-02-27 17:44:27 +0900
Processing by Api::ValuesController#index as 
  Rendered api/values/index.json.jbuilder (0.2ms)
Completed 200 OK in 22ms (Views: 21.3ms)


Started GET "/api/values/index.json" for 127.0.0.1 at 2015-02-27 17:44:30 +0900
Processing by Api::ValuesController#index as JSON
  Rendered api/values/index.json.jbuilder (0.2ms)
Completed 200 OK in 7ms (Views: 6.5ms)


Started GET "/api/values/index.json" for 127.0.0.1 at 2015-02-27 17:44:30 +0900
Processing by Api::ValuesController#index as JSON
  Rendered api/values/index.json.jbuilder (0.4ms)
Completed 200 OK in 7ms (Views: 6.9ms)


Started GET "/api/values/index.json" for 127.0.0.1 at 2015-02-27 17:44:32 +0900
Processing by Api::ValuesController#index as JSON
  Rendered api/values/index.json.jbuilder (0.6ms)
Completed 200 OK in 11ms (Views: 10.1ms)


Started GET "/api/values/index.json" for 127.0.0.1 at 2015-02-27 17:44:32 +0900
Processing by Api::ValuesController#index as JSON
  Rendered api/values/index.json.jbuilder (0.4ms)
Completed 200 OK in 8ms (Views: 7.4ms)


Started GET "/api/2/values/index.json" for 127.0.0.1 at 2015-02-27 17:44:38 +0900

ActionController::RoutingError (No route matches [GET] "/api/2/values/index.json"):
  vendor/bundle/ruby/2.1.0/gems/web-console-2.0.0/lib/action_dispatch/debug_exceptions.rb:22:in `middleware_call'
  vendor/bundle/ruby/2.1.0/gems/web-console-2.0.0/lib/action_dispatch/debug_exceptions.rb:13:in `call'
  vendor/bundle/ruby/2.1.0/gems/actionpack-4.2.0/lib/action_dispatch/middleware/show_exceptions.rb:30:in `call'
  vendor/bundle/ruby/2.1.0/gems/railties-4.2.0/lib/rails/rack/logger.rb:38:in `call_app'
  vendor/bundle/ruby/2.1.0/gems/railties-4.2.0/lib/rails/rack/logger.rb:20:in `block in call'
  vendor/bundle/ruby/2.1.0/gems/activesupport-4.2.0/lib/active_support/tagged_logging.rb:68:in `block in tagged'
  vendor/bundle/ruby/2.1.0/gems/activesupport-4.2.0/lib/active_support/tagged_logging.rb:26:in `tagged'
  vendor/bundle/ruby/2.1.0/gems/activesupport-4.2.0/lib/active_support/tagged_logging.rb:68:in `tagged'
  vendor/bundle/ruby/2.1.0/gems/railties-4.2.0/lib/rails/rack/logger.rb:20:in `call'
  vendor/bundle/ruby/2.1.0/gems/actionpack-4.2.0/lib/action_dispatch/middleware/request_id.rb:21:in `call'
  vendor/bundle/ruby/2.1.0/gems/rack-1.6.0/lib/rack/methodoverride.rb:22:in `call'
  vendor/bundle/ruby/2.1.0/gems/rack-1.6.0/lib/rack/runtime.rb:18:in `call'
  vendor/bundle/ruby/2.1.0/gems/activesupport-4.2.0/lib/active_support/cache/strategy/local_cache_middleware.rb:28:in `call'
  vendor/bundle/ruby/2.1.0/gems/rack-1.6.0/lib/rack/lock.rb:17:in `call'
  vendor/bundle/ruby/2.1.0/gems/actionpack-4.2.0/lib/action_dispatch/middleware/static.rb:113:in `call'
  vendor/bundle/ruby/2.1.0/gems/rack-1.6.0/lib/rack/sendfile.rb:113:in `call'
  vendor/bundle/ruby/2.1.0/gems/railties-4.2.0/lib/rails/engine.rb:518:in `call'
  vendor/bundle/ruby/2.1.0/gems/railties-4.2.0/lib/rails/application.rb:164:in `call'
  vendor/bundle/ruby/2.1.0/gems/rack-1.6.0/lib/rack/lock.rb:17:in `call'
  vendor/bundle/ruby/2.1.0/gems/rack-1.6.0/lib/rack/content_length.rb:15:in `call'
  vendor/bundle/ruby/2.1.0/gems/rack-1.6.0/lib/rack/handler/webrick.rb:89:in `service'
  /Users/yuichi/.rbenv/versions/2.1.4/lib/ruby/2.1.0/webrick/httpserver.rb:138:in `service'
  /Users/yuichi/.rbenv/versions/2.1.4/lib/ruby/2.1.0/webrick/httpserver.rb:94:in `run'
  /Users/yuichi/.rbenv/versions/2.1.4/lib/ruby/2.1.0/webrick/server.rb:295:in `block in start_thread'


  Rendered vendor/bundle/ruby/2.1.0/gems/web-console-2.0.0/lib/action_dispatch/templates/rescues/_trace.html.erb (4.1ms)
  Rendered vendor/bundle/ruby/2.1.0/gems/web-console-2.0.0/lib/action_dispatch/templates/routes/_route.html.erb (5.1ms)
  Rendered vendor/bundle/ruby/2.1.0/gems/web-console-2.0.0/lib/action_dispatch/templates/routes/_table.html.erb (3.8ms)
  Rendered vendor/bundle/ruby/2.1.0/gems/web-console-2.0.0/lib/action_dispatch/templates/rescues/_request_and_response.html.erb (8.5ms)
  Rendered vendor/bundle/ruby/2.1.0/gems/web-console-2.0.0/lib/action_dispatch/templates/rescues/_web_console.html.erb (1.8ms)
  Rendered vendor/bundle/ruby/2.1.0/gems/web-console-2.0.0/lib/action_dispatch/templates/rescues/routing_error.html.erb within rescues/layout (71.5ms)


Started GET "/api/2/values/index.json" for 127.0.0.1 at 2015-02-27 17:44:38 +0900

ActionController::RoutingError (No route matches [GET] "/api/2/values/index.json"):
  vendor/bundle/ruby/2.1.0/gems/web-console-2.0.0/lib/action_dispatch/debug_exceptions.rb:22:in `middleware_call'
  vendor/bundle/ruby/2.1.0/gems/web-console-2.0.0/lib/action_dispatch/debug_exceptions.rb:13:in `call'
  vendor/bundle/ruby/2.1.0/gems/actionpack-4.2.0/lib/action_dispatch/middleware/show_exceptions.rb:30:in `call'
  vendor/bundle/ruby/2.1.0/gems/railties-4.2.0/lib/rails/rack/logger.rb:38:in `call_app'
  vendor/bundle/ruby/2.1.0/gems/railties-4.2.0/lib/rails/rack/logger.rb:20:in `block in call'
  vendor/bundle/ruby/2.1.0/gems/activesupport-4.2.0/lib/active_support/tagged_logging.rb:68:in `block in tagged'
  vendor/bundle/ruby/2.1.0/gems/activesupport-4.2.0/lib/active_support/tagged_logging.rb:26:in `tagged'
  vendor/bundle/ruby/2.1.0/gems/activesupport-4.2.0/lib/active_support/tagged_logging.rb:68:in `tagged'
  vendor/bundle/ruby/2.1.0/gems/railties-4.2.0/lib/rails/rack/logger.rb:20:in `call'
  vendor/bundle/ruby/2.1.0/gems/actionpack-4.2.0/lib/action_dispatch/middleware/request_id.rb:21:in `call'
  vendor/bundle/ruby/2.1.0/gems/rack-1.6.0/lib/rack/methodoverride.rb:22:in `call'
  vendor/bundle/ruby/2.1.0/gems/rack-1.6.0/lib/rack/runtime.rb:18:in `call'
  vendor/bundle/ruby/2.1.0/gems/activesupport-4.2.0/lib/active_support/cache/strategy/local_cache_middleware.rb:28:in `call'
  vendor/bundle/ruby/2.1.0/gems/rack-1.6.0/lib/rack/lock.rb:17:in `call'
  vendor/bundle/ruby/2.1.0/gems/actionpack-4.2.0/lib/action_dispatch/middleware/static.rb:113:in `call'
  vendor/bundle/ruby/2.1.0/gems/rack-1.6.0/lib/rack/sendfile.rb:113:in `call'
  vendor/bundle/ruby/2.1.0/gems/railties-4.2.0/lib/rails/engine.rb:518:in `call'
  vendor/bundle/ruby/2.1.0/gems/railties-4.2.0/lib/rails/application.rb:164:in `call'
  vendor/bundle/ruby/2.1.0/gems/rack-1.6.0/lib/rack/lock.rb:17:in `call'
  vendor/bundle/ruby/2.1.0/gems/rack-1.6.0/lib/rack/content_length.rb:15:in `call'
  vendor/bundle/ruby/2.1.0/gems/rack-1.6.0/lib/rack/handler/webrick.rb:89:in `service'
  /Users/yuichi/.rbenv/versions/2.1.4/lib/ruby/2.1.0/webrick/httpserver.rb:138:in `service'
  /Users/yuichi/.rbenv/versions/2.1.4/lib/ruby/2.1.0/webrick/httpserver.rb:94:in `run'
  /Users/yuichi/.rbenv/versions/2.1.4/lib/ruby/2.1.0/webrick/server.rb:295:in `block in start_thread'


  Rendered vendor/bundle/ruby/2.1.0/gems/web-console-2.0.0/lib/action_dispatch/templates/rescues/_trace.html.erb (3.9ms)
  Rendered vendor/bundle/ruby/2.1.0/gems/web-console-2.0.0/lib/action_dispatch/templates/routes/_route.html.erb (1.1ms)
  Rendered vendor/bundle/ruby/2.1.0/gems/web-console-2.0.0/lib/action_dispatch/templates/routes/_table.html.erb (2.2ms)
  Rendered vendor/bundle/ruby/2.1.0/gems/web-console-2.0.0/lib/action_dispatch/templates/rescues/_request_and_response.html.erb (2.4ms)
  Rendered vendor/bundle/ruby/2.1.0/gems/web-console-2.0.0/lib/action_dispatch/templates/rescues/_web_console.html.erb (1.4ms)
  Rendered vendor/bundle/ruby/2.1.0/gems/web-console-2.0.0/lib/action_dispatch/templates/rescues/routing_error.html.erb within rescues/layout (51.7ms)


Started GET "/api/values/index.json" for 127.0.0.1 at 2015-02-27 17:44:40 +0900
Processing by Api::ValuesController#index as JSON
  Rendered api/values/index.json.jbuilder (0.3ms)
Completed 200 OK in 8ms (Views: 7.7ms)


Started GET "/api/values/index.json" for 127.0.0.1 at 2015-02-27 17:44:40 +0900
Processing by Api::ValuesController#index as JSON
  Rendered api/values/index.json.jbuilder (0.3ms)
Completed 200 OK in 8ms (Views: 8.2ms)


Started GET "/api/values/index.json" for 127.0.0.1 at 2015-02-27 17:44:42 +0900
Processing by Api::ValuesController#index as JSON
  Rendered api/values/index.json.jbuilder (0.1ms)
Completed 200 OK in 7ms (Views: 6.8ms)


Started GET "/api/values/index.json" for 127.0.0.1 at 2015-02-27 17:44:42 +0900
Processing by Api::ValuesController#index as JSON
  Rendered api/values/index.json.jbuilder (0.2ms)
Completed 200 OK in 5ms (Views: 4.9ms)


Started GET "/api/values/index.json" for 127.0.0.1 at 2015-02-27 18:09:21 +0900
Processing by Api::ValuesController#index as JSON
  Rendered api/values/index.json.jbuilder (13.1ms)
Completed 200 OK in 55ms (Views: 54.0ms)
